0 info it worked if it ends with ok
1 verbose cli [ '/usr/bin/node', '/usr/bin/npm', 'install', '–g', 'grunt-cli' ]
2 info using npm@1.4.28
3 info using node@v0.10.37
4 verbose node symlink /usr/bin/node
5 verbose cache add [ '–g', null ]
6 verbose cache add name=undefined spec="–g" args=["–g",null]
7 verbose parsed url { protocol: null,
7 verbose parsed url   slashes: null,
7 verbose parsed url   auth: null,
7 verbose parsed url   host: null,
7 verbose parsed url   port: null,
7 verbose parsed url   hostname: null,
7 verbose parsed url   hash: null,
7 verbose parsed url   search: null,
7 verbose parsed url   query: null,
7 verbose parsed url   pathname: '–g',
7 verbose parsed url   path: '–g',
7 verbose parsed url   href: '–g' }
8 verbose cache add [ 'grunt-cli', null ]
9 verbose cache add name=undefined spec="grunt-cli" args=["grunt-cli",null]
10 verbose parsed url { protocol: null,
10 verbose parsed url   slashes: null,
10 verbose parsed url   auth: null,
10 verbose parsed url   host: null,
10 verbose parsed url   port: null,
10 verbose parsed url   hostname: null,
10 verbose parsed url   hash: null,
10 verbose parsed url   search: null,
10 verbose parsed url   query: null,
10 verbose parsed url   pathname: 'grunt-cli',
10 verbose parsed url   path: 'grunt-cli',
10 verbose parsed url   href: 'grunt-cli' }
11 silly lockFile 51e00793-g –g
12 verbose lock –g /home/ivan/.npm/51e00793-g.lock
13 silly lockFile 671ef8ac-grunt-cli grunt-cli
14 verbose lock grunt-cli /home/ivan/.npm/671ef8ac-grunt-cli.lock
15 silly lockFile 51e00793-g –g
16 silly lockFile 51e00793-g –g
17 verbose addNamed [ '–g', '' ]
18 verbose addNamed [ null, '*' ]
19 silly lockFile 72e0e7f9-g –g@
20 verbose lock –g@ /home/ivan/.npm/72e0e7f9-g.lock
21 silly lockFile 671ef8ac-grunt-cli grunt-cli
22 silly lockFile 671ef8ac-grunt-cli grunt-cli
23 verbose addNamed [ 'grunt-cli', '' ]
24 verbose addNamed [ null, '*' ]
25 silly lockFile d63f3d0b-grunt-cli grunt-cli@
26 verbose lock grunt-cli@ /home/ivan/.npm/d63f3d0b-grunt-cli.lock
27 silly addNameRange { name: '–g', range: '*', hasData: false }
28 silly addNameRange { name: 'grunt-cli', range: '*', hasData: false }
29 verbose request where is /–g
30 verbose request registry https://registry.npmjs.org/
31 verbose request id 7853812642a9225a
32 verbose url raw /–g
33 verbose url resolving [ 'https://registry.npmjs.org/', './%E2%80%93g' ]
34 verbose url resolved https://registry.npmjs.org/%E2%80%93g
35 verbose request where is https://registry.npmjs.org/%E2%80%93g
36 info trying registry request attempt 1 at 20:58:04
37 http GET https://registry.npmjs.org/%E2%80%93g
38 verbose request where is /grunt-cli
39 verbose request registry https://registry.npmjs.org/
40 verbose url raw /grunt-cli
41 verbose url resolving [ 'https://registry.npmjs.org/', './grunt-cli' ]
42 verbose url resolved https://registry.npmjs.org/grunt-cli
43 verbose request where is https://registry.npmjs.org/grunt-cli
44 info trying registry request attempt 1 at 20:58:04
45 verbose etag "D3KKKP0582UGXKGJIL0XMPWFQ"
46 http GET https://registry.npmjs.org/grunt-cli
47 http 404 https://registry.npmjs.org/%E2%80%93g
48 silly registry.get cb [ 404,
48 silly registry.get   { 'content-type': 'application/json',
48 silly registry.get     'cache-control': 'max-age=0',
48 silly registry.get     'content-length': '66',
48 silly registry.get     'accept-ranges': 'bytes',
48 silly registry.get     date: 'Sun, 10 May 2015 18:58:04 GMT',
48 silly registry.get     via: '1.1 varnish',
48 silly registry.get     age: '0',
48 silly registry.get     connection: 'keep-alive',
48 silly registry.get     'x-served-by': 'cache-lhr6331-LHR',
48 silly registry.get     'x-cache': 'MISS',
48 silly registry.get     'x-cache-hits': '0',
48 silly registry.get     'x-timer': 'S1431284284.715072,VS0,VE95' } ]
49 silly lockFile 72e0e7f9-g –g@
50 silly lockFile 72e0e7f9-g –g@
51 http 200 https://registry.npmjs.org/grunt-cli
52 silly registry.get cb [ 200,
52 silly registry.get   { server: 'CouchDB/1.5.0 (Erlang OTP/R16B03)',
52 silly registry.get     etag: '"8Q1CA5FEUB6DY8QF773RI2YP5"',
52 silly registry.get     'content-type': 'application/json',
52 silly registry.get     'cache-control': 'max-age=60',
52 silly registry.get     'content-length': '20851',
52 silly registry.get     'accept-ranges': 'bytes',
52 silly registry.get     date: 'Sun, 10 May 2015 18:58:05 GMT',
52 silly registry.get     via: '1.1 varnish',
52 silly registry.get     age: '0',
52 silly registry.get     connection: 'keep-alive',
52 silly registry.get     'x-served-by': 'cache-lcy1135-LCY',
52 silly registry.get     'x-cache': 'HIT',
52 silly registry.get     'x-cache-hits': '1',
52 silly registry.get     'x-timer': 'S1431284284.701830,VS0,VE623',
52 silly registry.get     vary: 'Accept' } ]
53 silly addNameRange number 2 { name: 'grunt-cli', range: '*', hasData: true }
54 silly addNameRange versions [ 'grunt-cli',
54 silly addNameRange   [ '0.1.0',
54 silly addNameRange     '0.1.1',
54 silly addNameRange     '0.1.2',
54 silly addNameRange     '0.1.3',
54 silly addNameRange     '0.1.4',
54 silly addNameRange     '0.1.5',
54 silly addNameRange     '0.1.6',
54 silly addNameRange     '0.1.7',
54 silly addNameRange     '0.1.8',
54 silly addNameRange     '0.1.9',
54 silly addNameRange     '0.1.10',
54 silly addNameRange     '0.1.11',
54 silly addNameRange     '0.1.12',
54 silly addNameRange     '0.1.13' ] ]
55 verbose addNamed [ 'grunt-cli', '0.1.13' ]
56 verbose addNamed [ '0.1.13', '0.1.13' ]
57 silly lockFile 28997503-grunt-cli-0-1-13 grunt-cli@0.1.13
58 verbose lock grunt-cli@0.1.13 /home/ivan/.npm/28997503-grunt-cli-0-1-13.lock
59 silly lockFile 28997503-grunt-cli-0-1-13 grunt-cli@0.1.13
60 silly lockFile 28997503-grunt-cli-0-1-13 grunt-cli@0.1.13
61 silly lockFile d63f3d0b-grunt-cli grunt-cli@
62 silly lockFile d63f3d0b-grunt-cli grunt-cli@
63 error 404 Not Found
63 error 404
63 error 404 '–g' is not in the npm registry.
63 error 404 You should bug the author to publish it
63 error 404
63 error 404 Note that you can also install from a
63 error 404 tarball, folder, or http url, or git url.
64 error System Linux 3.13.0-49-generic
65 error command "/usr/bin/node" "/usr/bin/npm" "install" "–g" "grunt-cli"
66 error cwd /home/ivan/Documentos/ProgramaGeneration/post_Generation/giorg.io/marionette
67 error node -v v0.10.37
68 error npm -v 1.4.28
69 error code E404
70 verbose exit [ 1, true ]
